<?xml version="1.0" encoding="UTF-8"?>
<!-- Generated by org.testng.reporters.JUnitReportReporter -->
<testsuite skipped="0" hostname="WINDOWS-53RSFO1" name="automationFramework.FirstCode" tests="1" failures="0" timestamp="25 Jul 2022 15:04:28 GMT" time="19.388" errors="0">
  <testcase name="one" time="19.388" classname="automationFramework.FirstCode"/>
</testsuite> <!-- automationFramework.FirstCode -->
