<?xml version="1.0" encoding="UTF-8"?>
<!-- Generated by org.testng.reporters.JUnitReportReporter -->
<testsuite skipped="0" hostname="WINDOWS-53RSFO1" name="automationFramework.YourLogoForTestNG" tests="2" failures="0" timestamp="25 Jul 2022 15:34:46 GMT" time="22.613" errors="0">
  <testcase name="methodTwo" time="2.512" classname="automationFramework.YourLogoForTestNG"/>
  <testcase name="method" time="20.101" classname="automationFramework.YourLogoForTestNG"/>
</testsuite> <!-- automationFramework.YourLogoForTestNG -->
